Using pre-set license
Built from '2020.3/staging' branch; Version is '2020.3.11f1 (99c7afb366b3) revision 10078127'; Using compiler version '192528614'; Build Type 'Release'
OS: 'Windows 10 Home; OS build 19043.1052; Version 2009; 64bit' Language: 'en' Physical Memory: 16340 MB
BatchMode: 1, IsHumanControllingUs: 0, StartBugReporterOnCrash: 0, Is64bit: 1, IsPro: 0

 COMMAND LINE ARGUMENTS:
C:\Program Files\Unity\Hub\Editor\2020.3.11f1\Editor\Unity.exe
-adb2
-batchMode
-noUpm
-name
AssetImportWorker0
-projectPath
D:/GitHub/GMTK-Jam-2021/Jam2021
-logFile
Logs/AssetImportWorker0.log
-srvPort
50581
Successfully changed project path to: D:/GitHub/GMTK-Jam-2021/Jam2021
D:/GitHub/GMTK-Jam-2021/Jam2021
Using Asset Import Pipeline V2.
Refreshing native plugins compatible for Editor in 116.34 ms, found 1 plugins.
Preloading 0 native plugins for Editor in 0.00 ms.
Initialize engine version: 2020.3.11f1 (99c7afb366b3)
[Subsystems] Discovering subsystems at path C:/Program Files/Unity/Hub/Editor/2020.3.11f1/Editor/Data/Resources/UnitySubsystems
[Subsystems] Discovering subsystems at path D:/GitHub/GMTK-Jam-2021/Jam2021/Assets
GfxDevice: creating device client; threaded=0
Direct3D:
    Version:  Direct3D 11.0 [level 11.1]
    Renderer: NVIDIA GeForce GTX 1070 (ID=0x1be1)
    Vendor:   
    VRAM:     8082 MB
    Driver:   27.21.14.6677
Shader 'Universal Render Pipeline/Particles/Lit': fallback shader 'Universal Render Pipeline/Particles/SimpleLit' not found
Initialize mono
Mono path[0] = 'C:/Program Files/Unity/Hub/Editor/2020.3.11f1/Editor/Data/Managed'
Mono path[1] = 'C:/Program Files/Unity/Hub/Editor/2020.3.11f1/Editor/Data/MonoBleedingEdge/lib/mono/unityjit'
Mono config path = 'C:/Program Files/Unity/Hub/Editor/2020.3.11f1/Editor/Data/MonoBleedingEdge/etc'
Using monoOptions --debugger-agent=transport=dt_socket,embedding=1,server=y,suspend=n,address=127.0.0.1:56228
Begin MonoManager ReloadAssembly
Registering precompiled unity dll's ...
Register platform support module: C:/Program Files/Unity/Hub/Editor/2020.3.11f1/Editor/Data/PlaybackEngines/WebGLSupport/UnityEditor.WebGL.Extensions.dll
Register platform support module: C:/Program Files/Unity/Hub/Editor/2020.3.11f1/Editor/Data/PlaybackEngines/WindowsStandaloneSupport/UnityEditor.WindowsStandalone.Extensions.dll
Registered in 0.005857 seconds.
Native extension for WindowsStandalone target not found
Native extension for WebGL target not found
Refreshing native plugins compatible for Editor in 86.78 ms, found 1 plugins.
Preloading 0 native plugins for Editor in 0.00 ms.
Mono: successfully reloaded assembly
- Completed reload, in  1.800 seconds
Platform modules already initialized, skipping
Registering precompiled user dll's ...
Registered in 0.003695 seconds.
Begin MonoManager ReloadAssembly
Native extension for WindowsStandalone target not found
Native extension for WebGL target not found
Refreshing native plugins compatible for Editor in 89.20 ms, found 1 plugins.
Preloading 0 native plugins for Editor in 0.00 ms.
Mono: successfully reloaded assembly
- Completed reload, in  1.534 seconds
Platform modules already initialized, skipping
========================================================================
Worker process is ready to serve import requests
Shader 'Universal Render Pipeline/Particles/Lit': fallback shader 'Universal Render Pipeline/Particles/SimpleLit' not found
Launched and connected shader compiler UnityShaderCompiler.exe after 0.08 seconds
Refreshing native plugins compatible for Editor in 0.64 ms, found 1 plugins.
Preloading 0 native plugins for Editor in 0.00 ms.
Unloading 3385 Unused Serialized files (Serialized files now loaded: 0)
System memory in use before: 149.7 MB.
System memory in use after: 149.8 MB.

Unloading 27 unused Assets to reduce memory usage. Loaded Objects now: 3829.
Total: 6.576200 ms (FindLiveObjects: 0.794300 ms CreateObjectMapping: 0.478700 ms MarkObjects: 5.081300 ms  DeleteObjects: 0.218800 ms)

========================================================================
Received Import Request.
  path: Assets
  artifactKey: Guid(00000000000000001000000000000000) Importer(815301076,1909f56bfc062723c751e8b465ee728b)
Start importing Assets using Guid(00000000000000001000000000000000) Importer(815301076,1909f56bfc062723c751e8b465ee728b)  -> (artifact id: '42d402b061de3733987d63b9cc3b64de') in 0.010929 seconds
  Import took 0.020565 seconds .

========================================================================
Received Import Request.
  Time since last request: 0.000566 seconds.
  path: Assets/Scenes
  artifactKey: Guid(e42ce67229ef48a458b95ffdeb24a485) Importer(815301076,1909f56bfc062723c751e8b465ee728b)
Start importing Assets/Scenes using Guid(e42ce67229ef48a458b95ffdeb24a485) Importer(815301076,1909f56bfc062723c751e8b465ee728b)  -> (artifact id: '8c35a26a9b18f6849fdfbecd6929315b') in 0.005602 seconds
  Import took 0.016931 seconds .

========================================================================
Received Import Request.
  Time since last request: 10.959095 seconds.
  path: Assets/Scenes/Test Scenes
  artifactKey: Guid(e314447040dfa0a47b5ed3ef9f964476) Importer(815301076,1909f56bfc062723c751e8b465ee728b)
Start importing Assets/Scenes/Test Scenes using Guid(e314447040dfa0a47b5ed3ef9f964476) Importer(815301076,1909f56bfc062723c751e8b465ee728b)  -> (artifact id: '09e72c86e110d19d399d76dcf5a80146') in 0.005015 seconds
  Import took 0.012072 seconds .

========================================================================
Received Import Request.
  Time since last request: 17.337940 seconds.
  path: Assets/Scenes/Test Scenes/Rope Gun.unity
  artifactKey: Guid(168330ce2980de94389aa0452e345cbd) Importer(815301076,1909f56bfc062723c751e8b465ee728b)
Start importing Assets/Scenes/Test Scenes/Rope Gun.unity using Guid(168330ce2980de94389aa0452e345cbd) Importer(815301076,1909f56bfc062723c751e8b465ee728b)  -> (artifact id: '7ec35c4feffc58870a67f311268b06c2') in 0.021492 seconds
  Import took 0.028524 seconds .

========================================================================
Received Prepare
Shader 'Universal Render Pipeline/Particles/Lit': fallback shader 'Universal Render Pipeline/Particles/SimpleLit' not found
Refreshing native plugins compatible for Editor in 2.50 ms, found 1 plugins.
Preloading 0 native plugins for Editor in 0.00 ms.
Unloading 11 Unused Serialized files (Serialized files now loaded: 0)
System memory in use before: 76.3 MB.
System memory in use after: 76.4 MB.

Unloading 11 unused Assets to reduce memory usage. Loaded Objects now: 3829.
Total: 3.606800 ms (FindLiveObjects: 0.399500 ms CreateObjectMapping: 0.330000 ms MarkObjects: 2.747100 ms  DeleteObjects: 0.129000 ms)

AssetImportParameters requested are different than current active one (requested -> active):
  colorSpace: 1 -> 0
========================================================================
Received Prepare
Shader 'Universal Render Pipeline/Particles/Lit': fallback shader 'Universal Render Pipeline/Particles/SimpleLit' not found
Refreshing native plugins compatible for Editor in 3.23 ms, found 1 plugins.
Preloading 0 native plugins for Editor in 0.00 ms.
Unloading 11 Unused Serialized files (Serialized files now loaded: 0)
System memory in use before: 76.3 MB.
System memory in use after: 76.4 MB.

Unloading 11 unused Assets to reduce memory usage. Loaded Objects now: 3829.
Total: 4.307200 ms (FindLiveObjects: 0.420200 ms CreateObjectMapping: 0.244800 ms MarkObjects: 3.496500 ms  DeleteObjects: 0.144400 ms)

AssetImportParameters requested are different than current active one (requested -> active):
  colorSpace: 1 -> 0
========================================================================
Received Prepare
Shader 'Universal Render Pipeline/Particles/Lit': fallback shader 'Universal Render Pipeline/Particles/SimpleLit' not found
Refreshing native plugins compatible for Editor in 2.71 ms, found 1 plugins.
Preloading 0 native plugins for Editor in 0.00 ms.
Unloading 11 Unused Serialized files (Serialized files now loaded: 0)
System memory in use before: 76.3 MB.
System memory in use after: 76.4 MB.

Unloading 11 unused Assets to reduce memory usage. Loaded Objects now: 3829.
Total: 4.045100 ms (FindLiveObjects: 0.404200 ms CreateObjectMapping: 0.265600 ms MarkObjects: 3.181700 ms  DeleteObjects: 0.192200 ms)

AssetImportParameters requested are different than current active one (requested -> active):
  colorSpace: 1 -> 0
========================================================================
Received Import Request.
  Time since last request: 232.264182 seconds.
  path: Assets/New 2D Renderer Data.asset
  artifactKey: Guid(3f027907dc9ff7b48bc5bd16f94d52d7) Importer(815301076,1909f56bfc062723c751e8b465ee728b)
Start importing Assets/New 2D Renderer Data.asset using Guid(3f027907dc9ff7b48bc5bd16f94d52d7) Importer(815301076,1909f56bfc062723c751e8b465ee728b)  -> (artifact id: 'b9d31b39a09b8d653407e78d52be66f0') in 0.103280 seconds
  Import took 0.111973 seconds .

========================================================================
Received Import Request.
  Time since last request: 5.790089 seconds.
  path: Assets/Rendering
  artifactKey: Guid(e5102321faf1bce4b927d31df8453059) Importer(815301076,1909f56bfc062723c751e8b465ee728b)
Start importing Assets/Rendering using Guid(e5102321faf1bce4b927d31df8453059) Importer(815301076,1909f56bfc062723c751e8b465ee728b)  -> (artifact id: 'bd4a25a1b7c30659985d1d821ad56c31') in 0.007785 seconds
  Import took 0.016342 seconds .

========================================================================
Received Import Request.
  Time since last request: 15.787321 seconds.
  path: Assets/Rendering/New 2D Renderer Data.asset
  artifactKey: Guid(3f027907dc9ff7b48bc5bd16f94d52d7) Importer(815301076,1909f56bfc062723c751e8b465ee728b)
Start importing Assets/Rendering/New 2D Renderer Data.asset using Guid(3f027907dc9ff7b48bc5bd16f94d52d7) Importer(815301076,1909f56bfc062723c751e8b465ee728b)  -> (artifact id: 'b2a10e4b542c2335437377d4265ee2bc') in 0.039787 seconds
  Import took 0.046577 seconds .

========================================================================
Received Import Request.
  Time since last request: 9.489241 seconds.
  path: Assets/Rendering/UniversalRenderPipelineAsset.asset
  artifactKey: Guid(a8946b54fd66a1145815bb553019a24b) Importer(815301076,1909f56bfc062723c751e8b465ee728b)
Start importing Assets/Rendering/UniversalRenderPipelineAsset.asset using Guid(a8946b54fd66a1145815bb553019a24b) Importer(815301076,1909f56bfc062723c751e8b465ee728b)  -> (artifact id: '881d8fb0fa00717b851afcff4c3a7ce9') in 0.036485 seconds
  Import took 0.043516 seconds .

========================================================================
Received Import Request.
  Time since last request: 0.000541 seconds.
  path: Assets/Rendering/UniversalRenderPipelineAsset_Renderer.asset
  artifactKey: Guid(a591bab6a89f21146a5ca1f6eb19a925) Importer(815301076,1909f56bfc062723c751e8b465ee728b)
Start importing Assets/Rendering/UniversalRenderPipelineAsset_Renderer.asset using Guid(a591bab6a89f21146a5ca1f6eb19a925) Importer(815301076,1909f56bfc062723c751e8b465ee728b)  -> (artifact id: '995c6ce2b03e872edf310b22330b1439') in 0.029696 seconds
  Import took 0.036479 seconds .

========================================================================
Received Import Request.
  Time since last request: 46.238128 seconds.
  path: Assets/Rendering/UniversalRenderPipelineAsset.asset
  artifactKey: Guid(a8946b54fd66a1145815bb553019a24b) Importer(815301076,1909f56bfc062723c751e8b465ee728b)
Start importing Assets/Rendering/UniversalRenderPipelineAsset.asset using Guid(a8946b54fd66a1145815bb553019a24b) Importer(815301076,1909f56bfc062723c751e8b465ee728b)  -> (artifact id: '12afb341a7c070edd248208658dec8cb') in 0.033168 seconds
  Import took 0.043013 seconds .

========================================================================
Received Prepare
Shader 'Universal Render Pipeline/Particles/Lit': fallback shader 'Universal Render Pipeline/Particles/SimpleLit' not found
Refreshing native plugins compatible for Editor in 3.25 ms, found 1 plugins.
Preloading 0 native plugins for Editor in 0.00 ms.
Unloading 60 Unused Serialized files (Serialized files now loaded: 0)
System memory in use before: 79.0 MB.
System memory in use after: 79.1 MB.

Unloading 11 unused Assets to reduce memory usage. Loaded Objects now: 3878.
Total: 5.223700 ms (FindLiveObjects: 0.343700 ms CreateObjectMapping: 0.181100 ms MarkObjects: 4.561000 ms  DeleteObjects: 0.136700 ms)

========================================================================
Received Import Request.
  Time since last request: 23.818389 seconds.
  path: Assets/Rendering/UniversalRenderPipelineAsset.asset
  artifactKey: Guid(a8946b54fd66a1145815bb553019a24b) Importer(815301076,1909f56bfc062723c751e8b465ee728b)
Start importing Assets/Rendering/UniversalRenderPipelineAsset.asset using Guid(a8946b54fd66a1145815bb553019a24b) Importer(815301076,1909f56bfc062723c751e8b465ee728b)  -> (artifact id: '27d2509f0af3fea000510b4c51cfde90') in 0.012860 seconds
  Import took 0.019635 seconds .

========================================================================
Received Import Request.
  Time since last request: 0.000480 seconds.
  path: Assets/Rendering/New 2D Renderer Data.asset
  artifactKey: Guid(3f027907dc9ff7b48bc5bd16f94d52d7) Importer(815301076,1909f56bfc062723c751e8b465ee728b)
Start importing Assets/Rendering/New 2D Renderer Data.asset using Guid(3f027907dc9ff7b48bc5bd16f94d52d7) Importer(815301076,1909f56bfc062723c751e8b465ee728b)  -> (artifact id: 'bb1dee733323dae312cfa2b80db2f78b') in 0.004917 seconds
  Import took 0.012229 seconds .

========================================================================
Received Import Request.
  Time since last request: 106.578805 seconds.
  path: Assets/Presets
  artifactKey: Guid(b00fc36939f1be94ba0c34a851bac10e) Importer(815301076,1909f56bfc062723c751e8b465ee728b)
Start importing Assets/Presets using Guid(b00fc36939f1be94ba0c34a851bac10e) Importer(815301076,1909f56bfc062723c751e8b465ee728b)  -> (artifact id: '4c58419957dae36019390bba15a9cae7') in 0.004445 seconds
  Import took 0.013092 seconds .

========================================================================
Received Import Request.
  Time since last request: 0.046113 seconds.
  path: Assets/Presets/DefaultCamera.preset
  artifactKey: Guid(817f72b4e53d9134a9bcd99e2f6f6a3e) Importer(815301076,1909f56bfc062723c751e8b465ee728b)
Start importing Assets/Presets/DefaultCamera.preset using Guid(817f72b4e53d9134a9bcd99e2f6f6a3e) Importer(815301076,1909f56bfc062723c751e8b465ee728b)  -> (artifact id: 'cfa2d36097f30eb5d58ba618b3e5e8ef') in 0.008774 seconds
  Import took 0.016026 seconds .

========================================================================
Received Import Request.
  Time since last request: 61.195072 seconds.
  path: Assets/Presets/DefaultGlobalLight2D.preset
  artifactKey: Guid(071c2f56ebee5504f938a6737b57e21f) Importer(815301076,1909f56bfc062723c751e8b465ee728b)
Start importing Assets/Presets/DefaultGlobalLight2D.preset using Guid(071c2f56ebee5504f938a6737b57e21f) Importer(815301076,1909f56bfc062723c751e8b465ee728b)  -> (artifact id: '5cabd1c0fb181564a36aa4153cb28039') in 0.010367 seconds
  Import took 0.020308 seconds .

